UniNotifier changes log

Version 1.6.2p:
• Info interface call method has been rebuilt;
• Some notifications templates has been updated

Version 1.6p:
• Notifications templates storage has been reviewed;
• Some settings interface improvements applied;
• Added ability to accept/decline ADP at first start to the application info interface

Version 1.5.2:
• Main interface improvements applied;
• Added template for YR (Norway weather website)

Version 1.5:
• Added the ability to choose which link will be followed;
• Main interface and context tray menu have been reviewed and simplified;
• Added template for «Весьма»;
• Fixed settings interface's minor bugs;
• Added English interface localization;
• Fixed quotation mark appearance

Version 1.4:
• Application may freeze a bit every 15 seconds due to temporarily incorrect threading algorithm; we work on it;
• Added link to user manual;
• Fixed incorrect appearance of exclamation signs;
• Fixed settings loss at system restart or shutdown;
• Added warnings on notification updating and deleting in settings window;
• Implemented beginning and ending HTML-fragments auto-detector; may be unstable, but alpha-test passed;
• Fixed settings interface's minor bugs;
• Notifications update will stop when settings window is active;
• Added templates for «КоммерсантЪ» и «Российская газета»

Version 1.3:
• Notifier has been unified and now can check changes at almost any webpages;
• Notifications can be set by user with settings interface;
• Authentication function removed

Version 1.2:
• Some improvements applied to the main posts receiver

Version 1.1:
• Implemented automatic posts loader with OAuth function;
• Implemented balloons notifying function;
• Implemented window view function with saving window parameters;
• Publication on GitHub
